-------------------------------------------------------------------------------
Test set: br.com.picpay.payment.domain.usecase.AuthorizationUseCaseTest
-------------------------------------------------------------------------------
Tests run: 2, Failures: 1, Errors: 1, Skipped: 0, Time elapsed: 3.054 s <<< FAILURE! -- in br.com.picpay.payment.domain.usecase.AuthorizationUseCaseTest
br.com.picpay.payment.domain.usecase.AuthorizationUseCaseTest.testAuthorizeTransactionSuccess -- Time elapsed: 2.622 s <<< ERROR!
java.lang.NullPointerException: Cannot invoke "org.springframework.http.ResponseEntity.getStatusCode()" because "responseEntity" is null
	at br.com.picpay.payment.domain.usecase.AuthorizationUseCase.authorizeTransaction(AuthorizationUseCase.java:27)
	at br.com.picpay.payment.domain.usecase.AuthorizationUseCaseTest.testAuthorizeTransactionSuccess(AuthorizationUseCaseTest.java:39)
	at java.base/java.lang.reflect.Method.invoke(Method.java:568)
	at java.base/java.util.ArrayList.forEach(ArrayList.java:1511)
	at java.base/java.util.ArrayList.forEach(ArrayList.java:1511)

br.com.picpay.payment.domain.usecase.AuthorizationUseCaseTest.testAuthorizeTransactionFailure -- Time elapsed: 0.042 s <<< FAILURE!
org.opentest4j.AssertionFailedError: Unexpected exception type thrown, expected: <br.com.picpay.payment.domain.handler.AuthorizationException> but was: <java.lang.NullPointerException>
	at org.junit.jupiter.api.AssertionFailureBuilder.build(AssertionFailureBuilder.java:151)
	at org.junit.jupiter.api.AssertThrows.assertThrows(AssertThrows.java:67)
	at org.junit.jupiter.api.AssertThrows.assertThrows(AssertThrows.java:35)
	at org.junit.jupiter.api.Assertions.assertThrows(Assertions.java:3115)
	at br.com.picpay.payment.domain.usecase.AuthorizationUseCaseTest.testAuthorizeTransactionFailure(AuthorizationUseCaseTest.java:49)
	at java.base/java.lang.reflect.Method.invoke(Method.java:568)
	at java.base/java.util.ArrayList.forEach(ArrayList.java:1511)
	at java.base/java.util.ArrayList.forEach(ArrayList.java:1511)
Caused by: java.lang.NullPointerException: Cannot invoke "org.springframework.http.ResponseEntity.getStatusCode()" because "responseEntity" is null
	at br.com.picpay.payment.domain.usecase.AuthorizationUseCase.authorizeTransaction(AuthorizationUseCase.java:27)
	at br.com.picpay.payment.domain.usecase.AuthorizationUseCaseTest.lambda$testAuthorizeTransactionFailure$0(AuthorizationUseCaseTest.java:50)
	at org.junit.jupiter.api.AssertThrows.assertThrows(AssertThrows.java:53)
	... 6 more

