<?xml version="1.0" encoding="UTF-8"?>
<testsuite xmlns:xsi="http://www.w3.org/2001/XMLSchema-instance" xsi:noNamespaceSchemaLocation="https://maven.apache.org/surefire/maven-surefire-plugin/xsd/surefire-test-report-3.0.xsd" version="3.0" name="br.com.picpay.payment.domain.usecase.AuthorizationUseCaseTest" time="3.054" tests="2" errors="1" skipped="0" failures="1">
  <properties>
[...]
</properties>
  <testcase name="testAuthorizeTransactionSuccess" classname="br.com.picpay.payment.domain.usecase.AuthorizationUseCaseTest" time="2.622">
    <error message="Cannot invoke &quot;org.springframework.http.ResponseEntity.getStatusCode()&quot; because &quot;responseEntity&quot; is null" type="java.lang.NullPointerException"><![CDATA[java.lang.NullPointerException: Cannot invoke "org.springframework.http.ResponseEntity.getStatusCode()" because "responseEntity" is null
	at br.com.picpay.payment.domain.usecase.AuthorizationUseCase.authorizeTransaction(AuthorizationUseCase.java:27)
	at br.com.picpay.payment.domain.usecase.AuthorizationUseCaseTest.testAuthorizeTransactionSuccess(AuthorizationUseCaseTest.java:39)
	at java.base/java.lang.reflect.Method.invoke(Method.java:568)
	at java.base/java.util.ArrayList.forEach(ArrayList.java:1511)
	at java.base/java.util.ArrayList.forEach(ArrayList.java:1511)
]]></error>
  </testcase>
  <testcase name="testAuthorizeTransactionFailure" classname="br.com.picpay.payment.domain.usecase.AuthorizationUseCaseTest" time="0.042">
    <failure message="Unexpected exception type thrown, expected: &lt;br.com.picpay.payment.domain.handler.AuthorizationException&gt; but was: &lt;java.lang.NullPointerException&gt;" type="org.opentest4j.AssertionFailedError"><![CDATA[org.opentest4j.AssertionFailedError: Unexpected exception type thrown, expected: <br.com.picpay.payment.domain.handler.AuthorizationException> but was: <java.lang.NullPointerException>
	at org.junit.jupiter.api.AssertionFailureBuilder.build(AssertionFailureBuilder.java:151)
	at org.junit.jupiter.api.AssertThrows.assertThrows(AssertThrows.java:67)
	at org.junit.jupiter.api.AssertThrows.assertThrows(AssertThrows.java:35)
	at org.junit.jupiter.api.Assertions.assertThrows(Assertions.java:3115)
	at br.com.picpay.payment.domain.usecase.AuthorizationUseCaseTest.testAuthorizeTransactionFailure(AuthorizationUseCaseTest.java:49)
	at java.base/java.lang.reflect.Method.invoke(Method.java:568)
	at java.base/java.util.ArrayList.forEach(ArrayList.java:1511)
	at java.base/java.util.ArrayList.forEach(ArrayList.java:1511)
Caused by: java.lang.NullPointerException: Cannot invoke "org.springframework.http.ResponseEntity.getStatusCode()" because "responseEntity" is null
	at br.com.picpay.payment.domain.usecase.AuthorizationUseCase.authorizeTransaction(AuthorizationUseCase.java:27)
	at br.com.picpay.payment.domain.usecase.AuthorizationUseCaseTest.lambda$testAuthorizeTransactionFailure$0(AuthorizationUseCaseTest.java:50)
	at org.junit.jupiter.api.AssertThrows.assertThrows(AssertThrows.java:53)
	... 6 more
]]></failure>
  </testcase>
</testsuite>